2024-08-12 11:21:41 @clitools.py              [DEBUG ] sema-get parsed args ns=Namespace(logconf=None, url='https://sentinels.copernicus.eu/web/sentinel/data-products/-/asset_publisher/fp37fc19FN8F/content/sentinel-5-precursor-level-2-sulphur-dioxide', url_option=None, request_mimes=None, read_uri=None, write_uri=None, graph=None, output='./dumps/010/01-sema-got-content.ttl', format=None, accept_zero=False, trace='./dumps/010')
2024-08-12 11:21:41 @discovery.py             [DEBUG ] discovery #01 trying force_types=[] for target_url='https://sentinels.copernicus.eu/web/sentinel/data-products/-/asset_publisher/fp37fc19FN8F/content/sentinel-5-precursor-level-2-sulphur-dioxide'
2024-08-12 11:21:41 @discovery.py             [DEBUG ] discovery #02 plain request for target_url='https://sentinels.copernicus.eu/web/sentinel/data-products/-/asset_publisher/fp37fc19FN8F/content/sentinel-5-precursor-level-2-sulphur-dioxide'
2024-08-12 11:21:41 @discovery.py             [DEBUG ] requesting https://sentinels.copernicus.eu/web/sentinel/data-products/-/asset_publisher/fp37fc19FN8F/content/sentinel-5-precursor-level-2-sulphur-dioxide with headers={}
2024-08-12 11:21:41 @discovery.py             [DEBUG ] extract from resp.url='https://sentinels.copernicus.eu/web/sentinel/data-products/-/asset_publisher/fp37fc19FN8F/content/sentinel-5-precursor-level-2-sulphur-dioxide' in format resp_mime_type='text/html'
2024-08-12 11:21:41 @linkheaders.py           [DEBUG ] no link header at baseurl='https://sentinels.copernicus.eu/web/sentinel/data-products/-/asset_publisher/fp37fc19FN8F/content/sentinel-5-precursor-level-2-sulphur-dioxide'
2024-08-12 11:21:41 @discovery.py             [INFO  ] found 0 links in the html file
2024-08-12 11:21:41 @discovery.py             [DEBUG ] discovery #03 trying remain_types={'application/json', 'application/ld+json', 'text/turtle'} for target_url='https://sentinels.copernicus.eu/web/sentinel/data-products/-/asset_publisher/fp37fc19FN8F/content/sentinel-5-precursor-level-2-sulphur-dioxide'
2024-08-12 11:21:41 @discovery.py             [DEBUG ] requesting https://sentinels.copernicus.eu/web/sentinel/data-products/-/asset_publisher/fp37fc19FN8F/content/sentinel-5-precursor-level-2-sulphur-dioxide with headers={'Accept': 'application/json'}
2024-08-12 11:21:41 @discovery.py             [DEBUG ] extract from resp.url='https://sentinels.copernicus.eu/web/sentinel/data-products/-/asset_publisher/fp37fc19FN8F/content/sentinel-5-precursor-level-2-sulphur-dioxide' in format resp_mime_type='text/html'
2024-08-12 11:21:41 @linkheaders.py           [DEBUG ] no link header at baseurl='https://sentinels.copernicus.eu/web/sentinel/data-products/-/asset_publisher/fp37fc19FN8F/content/sentinel-5-precursor-level-2-sulphur-dioxide'
2024-08-12 11:21:41 @discovery.py             [INFO  ] found 0 links in the html file
2024-08-12 11:21:41 @discovery.py             [DEBUG ] requesting https://sentinels.copernicus.eu/web/sentinel/data-products/-/asset_publisher/fp37fc19FN8F/content/sentinel-5-precursor-level-2-sulphur-dioxide with headers={'Accept': 'application/ld+json'}
2024-08-12 11:21:42 @discovery.py             [DEBUG ] extract from resp.url='https://sentinels.copernicus.eu/web/sentinel/data-products/-/asset_publisher/fp37fc19FN8F/content/sentinel-5-precursor-level-2-sulphur-dioxide' in format resp_mime_type='text/html'
2024-08-12 11:21:42 @linkheaders.py           [DEBUG ] no link header at baseurl='https://sentinels.copernicus.eu/web/sentinel/data-products/-/asset_publisher/fp37fc19FN8F/content/sentinel-5-precursor-level-2-sulphur-dioxide'
2024-08-12 11:21:42 @discovery.py             [INFO  ] found 0 links in the html file
2024-08-12 11:21:42 @discovery.py             [DEBUG ] requesting https://sentinels.copernicus.eu/web/sentinel/data-products/-/asset_publisher/fp37fc19FN8F/content/sentinel-5-precursor-level-2-sulphur-dioxide with headers={'Accept': 'text/turtle'}
2024-08-12 11:21:42 @discovery.py             [DEBUG ] extract from resp.url='https://sentinels.copernicus.eu/web/sentinel/data-products/-/asset_publisher/fp37fc19FN8F/content/sentinel-5-precursor-level-2-sulphur-dioxide' in format resp_mime_type='text/html'
2024-08-12 11:21:42 @linkheaders.py           [DEBUG ] no link header at baseurl='https://sentinels.copernicus.eu/web/sentinel/data-products/-/asset_publisher/fp37fc19FN8F/content/sentinel-5-precursor-level-2-sulphur-dioxide'
2024-08-12 11:21:42 @discovery.py             [INFO  ] found 0 links in the html file
2024-08-12 11:21:42 @discovery.py             [DEBUG ] discovery #04 trying text/html for target_url='https://sentinels.copernicus.eu/web/sentinel/data-products/-/asset_publisher/fp37fc19FN8F/content/sentinel-5-precursor-level-2-sulphur-dioxide'
2024-08-12 11:21:42 @discovery.py             [DEBUG ] requesting https://sentinels.copernicus.eu/web/sentinel/data-products/-/asset_publisher/fp37fc19FN8F/content/sentinel-5-precursor-level-2-sulphur-dioxide with headers={'Accept': 'text/html'}
2024-08-12 11:21:42 @discovery.py             [DEBUG ] extract from resp.url='https://sentinels.copernicus.eu/web/sentinel/data-products/-/asset_publisher/fp37fc19FN8F/content/sentinel-5-precursor-level-2-sulphur-dioxide' in format resp_mime_type='text/html'
2024-08-12 11:21:42 @linkheaders.py           [DEBUG ] no link header at baseurl='https://sentinels.copernicus.eu/web/sentinel/data-products/-/asset_publisher/fp37fc19FN8F/content/sentinel-5-precursor-level-2-sulphur-dioxide'
2024-08-12 11:21:42 @discovery.py             [INFO  ] found 0 links in the html file
2024-08-12 11:21:42 @discovery.py             [DEBUG ] done with self.subject_uri='https://sentinels.copernicus.eu/web/sentinel/data-products/-/asset_publisher/fp37fc19FN8F/content/sentinel-5-precursor-level-2-sulphur-dioxide' discovered 0 triples
2024-08-12 11:21:42 @discovery.py             [DEBUG ] dumping len(trace.events)=5 to dump_path='./dumps/010'
2024-08-12 11:21:42 @discovery.py             [DEBUG ] saved 428407 chars to outpath='/home/mpo/projects/vliz.projects/fairease/fair-assessment-4fairease/automated-retrieval/dumps/010/YQJN3dH4WsbG3-content-sentinel-5-precursor-level-2-sulphur-dioxide.html'
2024-08-12 11:21:42 @discovery.py             [DEBUG ] saved 428407 chars to outpath='/home/mpo/projects/vliz.projects/fairease/fair-assessment-4fairease/automated-retrieval/dumps/010/YQJN3dH4WsbG3-content-sentinel-5-precursor-level-2-sulphur-dioxide.html'
2024-08-12 11:21:42 @discovery.py             [DEBUG ] saved 428407 chars to outpath='/home/mpo/projects/vliz.projects/fairease/fair-assessment-4fairease/automated-retrieval/dumps/010/YQJN3dH4WsbG3-content-sentinel-5-precursor-level-2-sulphur-dioxide.html'
2024-08-12 11:21:42 @discovery.py             [DEBUG ] saved 428407 chars to outpath='/home/mpo/projects/vliz.projects/fairease/fair-assessment-4fairease/automated-retrieval/dumps/010/YQJN3dH4WsbG3-content-sentinel-5-precursor-level-2-sulphur-dioxide.html'
2024-08-12 11:21:42 @discovery.py             [DEBUG ] saved 428407 chars to outpath='/home/mpo/projects/vliz.projects/fairease/fair-assessment-4fairease/automated-retrieval/dumps/010/YQJN3dH4WsbG3-content-sentinel-5-precursor-level-2-sulphur-dioxide.html'
